<?xml version="1.0" encoding="UTF-8"?>
<testng-results ignored="0" total="2" passed="2" failed="0" skipped="0">
  <reporter-output>
  </reporter-output>
  <suite started-at="2024-03-28T13:24:59 IST" name="Default suite" finished-at="2024-03-28T13:24:59 IST" duration-ms="75">
    <groups>
    </groups>
    <test started-at="2024-03-28T13:24:59 IST" name="Default test" finished-at="2024-03-28T13:24:59 IST" duration-ms="75">
      <class name="MavenJen.JenkinsPipeline.CalculatorAppTest">
        <test-method signature="testAdd()[pri:0, instance:MavenJen.JenkinsPipeline.CalculatorAppTest@54bff557]" started-at="2024-03-28T13:24:59 IST" name="testAdd" finished-at="2024-03-28T13:24:59 IST" duration-ms="16" status="PASS">
          <reporter-output>
          </reporter-output>
        </test-method> <!-- testAdd -->
        <test-method signature="testSub()[pri:0, instance:MavenJen.JenkinsPipeline.CalculatorAppTest@54bff557]" started-at="2024-03-28T13:24:59 IST" name="testSub" finished-at="2024-03-28T13:24:59 IST" duration-ms="2" status="PASS">
          <reporter-output>
          </reporter-output>
        </test-method> <!-- testSub -->
      </class> <!-- MavenJen.JenkinsPipeline.CalculatorAppTest -->
    </test> <!-- Default test -->
  </suite> <!-- Default suite -->
</testng-results>
